# JRE version: Java(TM) SE Runtime Environment (7.0_45-b18) (build 1.7.0_45-b18)
# Java VM: Java HotSpot(TM) 64-Bit Server VM (24.45-b08 mixed mode bsd-amd64 compressed oops)
Heap
 PSYoungGen      total 31744K, used 24620K [0x00000007aaa80000, 0x00000007aca80000, 0x0000000800000000)
  eden space 31232K, 78% used [0x00000007aaa80000,0x00000007ac26b1a0,0x00000007ac900000)
  from space 512K, 25% used [0x00000007ac980000,0x00000007ac9a0000,0x00000007aca00000)
  to   space 512K, 0% used [0x00000007aca00000,0x00000007aca00000,0x00000007aca80000)
 ParOldGen       total 174592K, used 39861K [0x0000000700000000, 0x000000070aa80000, 0x00000007aaa80000)
  object space 174592K, 22% used [0x0000000700000000,0x00000007026ed7e8,0x000000070aa80000)
 PSPermGen       total 21504K, used 9850K [0x00000006fae00000, 0x00000006fc300000, 0x0000000700000000)
  object space 21504K, 45% used [0x00000006fae00000,0x00000006fb79eb40,0x00000006fc300000)
GC Heap History (10 events):
Event: 1059.608 GC heap before
{Heap before GC invocations=79 (full 0):
 PSYoungGen      total 31744K, used 31424K [0x00000007aaa80000, 0x00000007aca80000, 0x0000000800000000)
  eden space 31232K, 100% used [0x00000007aaa80000,0x00000007ac900000,0x00000007ac900000)
  from space 512K, 37% used [0x00000007aca00000,0x00000007aca30000,0x00000007aca80000)
  to   space 512K, 0% used [0x00000007ac980000,0x00000007ac980000,0x00000007aca00000)
 ParOldGen       total 174592K, used 39685K [0x0000000700000000, 0x000000070aa80000, 0x00000007aaa80000)
  object space 174592K, 22% used [0x0000000700000000,0x00000007026c17e8,0x000000070aa80000)
 PSPermGen       total 21504K, used 9845K [0x00000006fae00000, 0x00000006fc300000, 0x0000000700000000)
  object space 21504K, 45% used [0x00000006fae00000,0x00000006fb79d568,0x00000006fc300000)
Event: 1059.609 GC heap after
Heap after GC invocations=79 (full 0):
 PSYoungGen      total 31744K, used 128K [0x00000007aaa80000, 0x00000007aca80000, 0x0000000800000000)
  eden space 31232K, 0% used [0x00000007aaa80000,0x00000007aaa80000,0x00000007ac900000)
  from space 512K, 25% used [0x00000007ac980000,0x00000007ac9a0000,0x00000007aca00000)
  to   space 512K, 0% used [0x00000007aca00000,0x00000007aca00000,0x00000007aca80000)
 ParOldGen       total 174592K, used 39709K [0x0000000700000000, 0x000000070aa80000, 0x00000007aaa80000)
  object space 174592K, 22% used [0x0000000700000000,0x00000007026c77e8,0x000000070aa80000)
 PSPermGen       total 21504K, used 9845K [0x00000006fae00000, 0x00000006fc300000, 0x0000000700000000)
  object space 21504K, 45% used [0x00000006fae00000,0x00000006fb79d568,0x00000006fc300000)
}
Event: 1069.851 GC heap before
{Heap before GC invocations=80 (full 0):
 PSYoungGen      total 31744K, used 31360K [0x00000007aaa80000, 0x00000007aca80000, 0x0000000800000000)
  eden space 31232K, 100% used [0x00000007aaa80000,0x00000007ac900000,0x00000007ac900000)
  from space 512K, 25% used [0x00000007ac980000,0x00000007ac9a0000,0x00000007aca00000)
  to   space 512K, 0% used [0x00000007aca00000,0x00000007aca00000,0x00000007aca80000)
 ParOldGen       total 174592K, used 39709K [0x0000000700000000, 0x000000070aa80000, 0x00000007aaa80000)
  object space 174592K, 22% used [0x0000000700000000,0x00000007026c77e8,0x000000070aa80000)
 PSPermGen       total 21504K, used 9845K [0x00000006fae00000, 0x00000006fc300000, 0x0000000700000000)
  object space 21504K, 45% used [0x00000006fae00000,0x00000006fb79d568,0x00000006fc300000)
Event: 1069.852 GC heap after
Heap after GC invocations=80 (full 0):
 PSYoungGen      total 31744K, used 160K [0x00000007aaa80000, 0x00000007aca80000, 0x0000000800000000)
  eden space 31232K, 0% used [0x00000007aaa80000,0x00000007aaa80000,0x00000007ac900000)
  from space 512K, 31% used [0x00000007aca00000,0x00000007aca28000,0x00000007aca80000)
  to   space 512K, 0% used [0x00000007ac980000,0x00000007ac980000,0x00000007aca00000)
 ParOldGen       total 174592K, used 39741K [0x0000000700000000, 0x000000070aa80000, 0x00000007aaa80000)
  object space 174592K, 22% used [0x0000000700000000,0x00000007026cf7e8,0x000000070aa80000)
 PSPermGen       total 21504K, used 9845K [0x00000006fae00000, 0x00000006fc300000, 0x0000000700000000)
  object space 21504K, 45% used [0x00000006fae00000,0x00000006fb79d568,0x00000006fc300000)
}
Event: 1079.996 GC heap before
{Heap before GC invocations=81 (full 0):
 PSYoungGen      total 31744K, used 31392K [0x00000007aaa80000, 0x00000007aca80000, 0x0000000800000000)
  eden space 31232K, 100% used [0x00000007aaa80000,0x00000007ac900000,0x00000007ac900000)
  from space 512K, 31% used [0x00000007aca00000,0x00000007aca28000,0x00000007aca80000)
  to   space 512K, 0% used [0x00000007ac980000,0x00000007ac980000,0x00000007aca00000)
 ParOldGen       total 174592K, used 39741K [0x0000000700000000, 0x000000070aa80000, 0x00000007aaa80000)
  object space 174592K, 22% used [0x0000000700000000,0x00000007026cf7e8,0x000000070aa80000)
 PSPermGen       total 21504K, used 9845K [0x00000006fae00000, 0x00000006fc300000, 0x0000000700000000)
  object space 21504K, 45% used [0x00000006fae00000,0x00000006fb79d568,0x00000006fc300000)
Event: 1079.997 GC heap after
Heap after GC invocations=81 (full 0):
 PSYoungGen      total 31744K, used 160K [0x00000007aaa80000, 0x00000007aca80000, 0x0000000800000000)
  eden space 31232K, 0% used [0x00000007aaa80000,0x00000007aaa80000,0x00000007ac900000)
  from space 512K, 31% used [0x00000007ac980000,0x00000007ac9a8000,0x00000007aca00000)
  to   space 512K, 0% used [0x00000007aca00000,0x00000007aca00000,0x00000007aca80000)
 ParOldGen       total 174592K, used 39781K [0x0000000700000000, 0x000000070aa80000, 0x00000007aaa80000)
  object space 174592K, 22% used [0x0000000700000000,0x00000007026d97e8,0x000000070aa80000)
 PSPermGen       total 21504K, used 9845K [0x00000006fae00000, 0x00000006fc300000, 0x0000000700000000)
  object space 21504K, 45% used [0x00000006fae00000,0x00000006fb79d568,0x00000006fc300000)
}
Event: 1090.233 GC heap before
{Heap before GC invocations=82 (full 0):
 PSYoungGen      total 31744K, used 31392K [0x00000007aaa80000, 0x00000007aca80000, 0x0000000800000000)
  eden space 31232K, 100% used [0x00000007aaa80000,0x00000007ac900000,0x00000007ac900000)
  from space 512K, 31% used [0x00000007ac980000,0x00000007ac9a8000,0x00000007aca00000)
  to   space 512K, 0% used [0x00000007aca00000,0x00000007aca00000,0x00000007aca80000)
 ParOldGen       total 174592K, used 39781K [0x0000000700000000, 0x000000070aa80000, 0x00000007aaa80000)
  object space 174592K, 22% used [0x0000000700000000,0x00000007026d97e8,0x000000070aa80000)
 PSPermGen       total 21504K, used 9845K [0x00000006fae00000, 0x00000006fc300000, 0x0000000700000000)
  object space 21504K, 45% used [0x00000006fae00000,0x00000006fb79d568,0x00000006fc300000)
Event: 1090.234 GC heap after
Heap after GC invocations=82 (full 0):
 PSYoungGen      total 31744K, used 224K [0x00000007aaa80000, 0x00000007aca80000, 0x0000000800000000)
  eden space 31232K, 0% used [0x00000007aaa80000,0x00000007aaa80000,0x00000007ac900000)
  from space 512K, 43% used [0x00000007aca00000,0x00000007aca38000,0x00000007aca80000)
  to   space 512K, 0% used [0x00000007ac980000,0x00000007ac980000,0x00000007aca00000)
 ParOldGen       total 174592K, used 39829K [0x0000000700000000, 0x000000070aa80000, 0x00000007aaa80000)
  object space 174592K, 22% used [0x0000000700000000,0x00000007026e57e8,0x000000070aa80000)
 PSPermGen       total 21504K, used 9845K [0x00000006fae00000, 0x00000006fc300000, 0x0000000700000000)
  object space 21504K, 45% used [0x00000006fae00000,0x00000006fb79d568,0x00000006fc300000)
}
Event: 1100.384 GC heap before
{Heap before GC invocations=83 (full 0):
 PSYoungGen      total 31744K, used 31456K [0x00000007aaa80000, 0x00000007aca80000, 0x0000000800000000)
  eden space 31232K, 100% used [0x00000007aaa80000,0x00000007ac900000,0x00000007ac900000)
  from space 512K, 43% used [0x00000007aca00000,0x00000007aca38000,0x00000007aca80000)
  to   space 512K, 0% used [0x00000007ac980000,0x00000007ac980000,0x00000007aca00000)
 ParOldGen       total 174592K, used 39829K [0x0000000700000000, 0x000000070aa80000, 0x00000007aaa80000)
  object space 174592K, 22% used [0x0000000700000000,0x00000007026e57e8,0x000000070aa80000)
 PSPermGen       total 21504K, used 9845K [0x00000006fae00000, 0x00000006fc300000, 0x0000000700000000)
  object space 21504K, 45% used [0x00000006fae00000,0x00000006fb79d568,0x00000006fc300000)
Event: 1100.385 GC heap after
Heap after GC invocations=83 (full 0):
 PSYoungGen      total 31744K, used 128K [0x00000007aaa80000, 0x00000007aca80000, 0x0000000800000000)
  eden space 31232K, 0% used [0x00000007aaa80000,0x00000007aaa80000,0x00000007ac900000)
  from space 512K, 25% used [0x00000007ac980000,0x00000007ac9a0000,0x00000007aca00000)
  to   space 512K, 0% used [0x00000007aca00000,0x00000007aca00000,0x00000007aca80000)
 ParOldGen       total 174592K, used 39861K [0x0000000700000000, 0x000000070aa80000, 0x00000007aaa80000)
  object space 174592K, 22% used [0x0000000700000000,0x00000007026ed7e8,0x000000070aa80000)
 PSPermGen       total 21504K, used 9845K [0x00000006fae00000, 0x00000006fc300000, 0x0000000700000000)
  object space 21504K, 45% used [0x00000006fae00000,0x00000006fb79d568,0x00000006fc300000)
}

