# JRE version: Java(TM) SE Runtime Environment (7.0_45-b18) (build 1.7.0_45-b18)
# Java VM: Java HotSpot(TM) 64-Bit Server VM (24.45-b08 mixed mode bsd-amd64 compressed oops)
Heap
 PSYoungGen      total 31744K, used 13848K [0x00000007aaa80000, 0x00000007aca80000, 0x0000000800000000)
  eden space 31232K, 43% used [0x00000007aaa80000,0x00000007ab7e6320,0x00000007ac900000)
  from space 512K, 25% used [0x00000007ac980000,0x00000007ac9a0000,0x00000007aca00000)
  to   space 512K, 0% used [0x00000007aca00000,0x00000007aca00000,0x00000007aca80000)
 ParOldGen       total 174592K, used 47142K [0x0000000700000000, 0x000000070aa80000, 0x00000007aaa80000)
  object space 174592K, 27% used [0x0000000700000000,0x0000000702e09828,0x000000070aa80000)
 PSPermGen       total 21504K, used 10327K [0x00000006fae00000, 0x00000006fc300000, 0x0000000700000000)
  object space 21504K, 48% used [0x00000006fae00000,0x00000006fb815e30,0x00000006fc300000)
GC Heap History (10 events):
Event: 3786.594 GC heap before
{Heap before GC invocations=279 (full 0):
 PSYoungGen      total 31744K, used 31360K [0x00000007aaa80000, 0x00000007aca80000, 0x0000000800000000)
  eden space 31232K, 100% used [0x00000007aaa80000,0x00000007ac900000,0x00000007ac900000)
  from space 512K, 25% used [0x00000007aca00000,0x00000007aca20000,0x00000007aca80000)
  to   space 512K, 0% used [0x00000007ac980000,0x00000007ac980000,0x00000007aca00000)
 ParOldGen       total 174592K, used 46966K [0x0000000700000000, 0x000000070aa80000, 0x00000007aaa80000)
  object space 174592K, 26% used [0x0000000700000000,0x0000000702ddd828,0x000000070aa80000)
 PSPermGen       total 21504K, used 10327K [0x00000006fae00000, 0x00000006fc300000, 0x0000000700000000)
  object space 21504K, 48% used [0x00000006fae00000,0x00000006fb815d20,0x00000006fc300000)
Event: 3786.595 GC heap after
Heap after GC invocations=279 (full 0):
 PSYoungGen      total 31744K, used 256K [0x00000007aaa80000, 0x00000007aca80000, 0x0000000800000000)
  eden space 31232K, 0% used [0x00000007aaa80000,0x00000007aaa80000,0x00000007ac900000)
  from space 512K, 50% used [0x00000007ac980000,0x00000007ac9c0000,0x00000007aca00000)
  to   space 512K, 0% used [0x00000007aca00000,0x00000007aca00000,0x00000007aca80000)
 ParOldGen       total 174592K, used 47014K [0x0000000700000000, 0x000000070aa80000, 0x00000007aaa80000)
  object space 174592K, 26% used [0x0000000700000000,0x0000000702de9828,0x000000070aa80000)
 PSPermGen       total 21504K, used 10327K [0x00000006fae00000, 0x00000006fc300000, 0x0000000700000000)
  object space 21504K, 48% used [0x00000006fae00000,0x00000006fb815d20,0x00000006fc300000)
}
Event: 3799.075 GC heap before
{Heap before GC invocations=280 (full 0):
 PSYoungGen      total 31744K, used 31488K [0x00000007aaa80000, 0x00000007aca80000, 0x0000000800000000)
  eden space 31232K, 100% used [0x00000007aaa80000,0x00000007ac900000,0x00000007ac900000)
  from space 512K, 50% used [0x00000007ac980000,0x00000007ac9c0000,0x00000007aca00000)
  to   space 512K, 0% used [0x00000007aca00000,0x00000007aca00000,0x00000007aca80000)
 ParOldGen       total 174592K, used 47014K [0x0000000700000000, 0x000000070aa80000, 0x00000007aaa80000)
  object space 174592K, 26% used [0x0000000700000000,0x0000000702de9828,0x000000070aa80000)
 PSPermGen       total 21504K, used 10327K [0x00000006fae00000, 0x00000006fc300000, 0x0000000700000000)
  object space 21504K, 48% used [0x00000006fae00000,0x00000006fb815d20,0x00000006fc300000)
Event: 3799.076 GC heap after
Heap after GC invocations=280 (full 0):
 PSYoungGen      total 31744K, used 160K [0x00000007aaa80000, 0x00000007aca80000, 0x0000000800000000)
  eden space 31232K, 0% used [0x00000007aaa80000,0x00000007aaa80000,0x00000007ac900000)
  from space 512K, 31% used [0x00000007aca00000,0x00000007aca28000,0x00000007aca80000)
  to   space 512K, 0% used [0x00000007ac980000,0x00000007ac980000,0x00000007aca00000)
 ParOldGen       total 174592K, used 47038K [0x0000000700000000, 0x000000070aa80000, 0x00000007aaa80000)
  object space 174592K, 26% used [0x0000000700000000,0x0000000702def828,0x000000070aa80000)
 PSPermGen       total 21504K, used 10327K [0x00000006fae00000, 0x00000006fc300000, 0x0000000700000000)
  object space 21504K, 48% used [0x00000006fae00000,0x00000006fb815d20,0x00000006fc300000)
}
Event: 3811.615 GC heap before
{Heap before GC invocations=281 (full 0):
 PSYoungGen      total 31744K, used 31392K [0x00000007aaa80000, 0x00000007aca80000, 0x0000000800000000)
  eden space 31232K, 100% used [0x00000007aaa80000,0x00000007ac900000,0x00000007ac900000)
  from space 512K, 31% used [0x00000007aca00000,0x00000007aca28000,0x00000007aca80000)
  to   space 512K, 0% used [0x00000007ac980000,0x00000007ac980000,0x00000007aca00000)
 ParOldGen       total 174592K, used 47038K [0x0000000700000000, 0x000000070aa80000, 0x00000007aaa80000)
  object space 174592K, 26% used [0x0000000700000000,0x0000000702def828,0x000000070aa80000)
 PSPermGen       total 21504K, used 10327K [0x00000006fae00000, 0x00000006fc300000, 0x0000000700000000)
  object space 21504K, 48% used [0x00000006fae00000,0x00000006fb815d20,0x00000006fc300000)
Event: 3811.616 GC heap after
Heap after GC invocations=281 (full 0):
 PSYoungGen      total 31744K, used 160K [0x00000007aaa80000, 0x00000007aca80000, 0x0000000800000000)
  eden space 31232K, 0% used [0x00000007aaa80000,0x00000007aaa80000,0x00000007ac900000)
  from space 512K, 31% used [0x00000007ac980000,0x00000007ac9a8000,0x00000007aca00000)
  to   space 512K, 0% used [0x00000007aca00000,0x00000007aca00000,0x00000007aca80000)
 ParOldGen       total 174592K, used 47070K [0x0000000700000000, 0x000000070aa80000, 0x00000007aaa80000)
  object space 174592K, 26% used [0x0000000700000000,0x0000000702df7828,0x000000070aa80000)
 PSPermGen       total 21504K, used 10327K [0x00000006fae00000, 0x00000006fc300000, 0x0000000700000000)
  object space 21504K, 48% used [0x00000006fae00000,0x00000006fb815d20,0x00000006fc300000)
}
Event: 3823.961 GC heap before
{Heap before GC invocations=282 (full 0):
 PSYoungGen      total 31744K, used 31392K [0x00000007aaa80000, 0x00000007aca80000, 0x0000000800000000)
  eden space 31232K, 100% used [0x00000007aaa80000,0x00000007ac900000,0x00000007ac900000)
  from space 512K, 31% used [0x00000007ac980000,0x00000007ac9a8000,0x00000007aca00000)
  to   space 512K, 0% used [0x00000007aca00000,0x00000007aca00000,0x00000007aca80000)
 ParOldGen       total 174592K, used 47070K [0x0000000700000000, 0x000000070aa80000, 0x00000007aaa80000)
  object space 174592K, 26% used [0x0000000700000000,0x0000000702df7828,0x000000070aa80000)
 PSPermGen       total 21504K, used 10327K [0x00000006fae00000, 0x00000006fc300000, 0x0000000700000000)
  object space 21504K, 48% used [0x00000006fae00000,0x00000006fb815d20,0x00000006fc300000)
Event: 3823.962 GC heap after
Heap after GC invocations=282 (full 0):
 PSYoungGen      total 31744K, used 224K [0x00000007aaa80000, 0x00000007aca80000, 0x0000000800000000)
  eden space 31232K, 0% used [0x00000007aaa80000,0x00000007aaa80000,0x00000007ac900000)
  from space 512K, 43% used [0x00000007aca00000,0x00000007aca38000,0x00000007aca80000)
  to   space 512K, 0% used [0x00000007ac980000,0x00000007ac980000,0x00000007aca00000)
 ParOldGen       total 174592K, used 47118K [0x0000000700000000, 0x000000070aa80000, 0x00000007aaa80000)
  object space 174592K, 26% used [0x0000000700000000,0x0000000702e03828,0x000000070aa80000)
 PSPermGen       total 21504K, used 10327K [0x00000006fae00000, 0x00000006fc300000, 0x0000000700000000)
  object space 21504K, 48% used [0x00000006fae00000,0x00000006fb815d20,0x00000006fc300000)
}
Event: 3836.086 GC heap before
{Heap before GC invocations=283 (full 0):
 PSYoungGen      total 31744K, used 31456K [0x00000007aaa80000, 0x00000007aca80000, 0x0000000800000000)
  eden space 31232K, 100% used [0x00000007aaa80000,0x00000007ac900000,0x00000007ac900000)
  from space 512K, 43% used [0x00000007aca00000,0x00000007aca38000,0x00000007aca80000)
  to   space 512K, 0% used [0x00000007ac980000,0x00000007ac980000,0x00000007aca00000)
 ParOldGen       total 174592K, used 47118K [0x0000000700000000, 0x000000070aa80000, 0x00000007aaa80000)
  object space 174592K, 26% used [0x0000000700000000,0x0000000702e03828,0x000000070aa80000)
 PSPermGen       total 21504K, used 10327K [0x00000006fae00000, 0x00000006fc300000, 0x0000000700000000)
  object space 21504K, 48% used [0x00000006fae00000,0x00000006fb815d20,0x00000006fc300000)
Event: 3836.087 GC heap after
Heap after GC invocations=283 (full 0):
 PSYoungGen      total 31744K, used 128K [0x00000007aaa80000, 0x00000007aca80000, 0x0000000800000000)
  eden space 31232K, 0% used [0x00000007aaa80000,0x00000007aaa80000,0x00000007ac900000)
  from space 512K, 25% used [0x00000007ac980000,0x00000007ac9a0000,0x00000007aca00000)
  to   space 512K, 0% used [0x00000007aca00000,0x00000007aca00000,0x00000007aca80000)
 ParOldGen       total 174592K, used 47142K [0x0000000700000000, 0x000000070aa80000, 0x00000007aaa80000)
  object space 174592K, 27% used [0x0000000700000000,0x0000000702e09828,0x000000070aa80000)
 PSPermGen       total 21504K, used 10327K [0x00000006fae00000, 0x00000006fc300000, 0x0000000700000000)
  object space 21504K, 48% used [0x00000006fae00000,0x00000006fb815d20,0x00000006fc300000)
}

