# JRE version: Java(TM) SE Runtime Environment (7.0_45-b18) (build 1.7.0_45-b18)
# Java VM: Java HotSpot(TM) 64-Bit Server VM (24.45-b08 mixed mode bsd-amd64 compressed oops)
Heap
 PSYoungGen      total 31744K, used 12252K [0x00000007aaa80000, 0x00000007aca80000, 0x0000000800000000)
  eden space 31232K, 38% used [0x00000007aaa80000,0x00000007ab6570c0,0x00000007ac900000)
  from space 512K, 25% used [0x00000007aca00000,0x00000007aca20000,0x00000007aca80000)
  to   space 512K, 0% used [0x00000007ac980000,0x00000007ac980000,0x00000007aca00000)
 ParOldGen       total 174592K, used 59423K [0x0000000700000000, 0x000000070aa80000, 0x00000007aaa80000)
  object space 174592K, 34% used [0x0000000700000000,0x0000000703a07d00,0x000000070aa80000)
 PSPermGen       total 21504K, used 10648K [0x00000006fae00000, 0x00000006fc300000, 0x0000000700000000)
  object space 21504K, 49% used [0x00000006fae00000,0x00000006fb866058,0x00000006fc300000)
GC Heap History (10 events):
Event: 4323.070 GC heap before
{Heap before GC invocations=648 (full 0):
 PSYoungGen      total 31744K, used 31328K [0x00000007aaa80000, 0x00000007aca80000, 0x0000000800000000)
  eden space 31232K, 100% used [0x00000007aaa80000,0x00000007ac900000,0x00000007ac900000)
  from space 512K, 18% used [0x00000007ac980000,0x00000007ac998000,0x00000007aca00000)
  to   space 512K, 0% used [0x00000007aca00000,0x00000007aca00000,0x00000007aca80000)
 ParOldGen       total 174592K, used 59295K [0x0000000700000000, 0x000000070aa80000, 0x00000007aaa80000)
  object space 174592K, 33% used [0x0000000700000000,0x00000007039e7d00,0x000000070aa80000)
 PSPermGen       total 21504K, used 10643K [0x00000006fae00000, 0x00000006fc300000, 0x0000000700000000)
  object space 21504K, 49% used [0x00000006fae00000,0x00000006fb864fd0,0x00000006fc300000)
Event: 4323.071 GC heap after
Heap after GC invocations=648 (full 0):
 PSYoungGen      total 31744K, used 160K [0x00000007aaa80000, 0x00000007aca80000, 0x0000000800000000)
  eden space 31232K, 0% used [0x00000007aaa80000,0x00000007aaa80000,0x00000007ac900000)
  from space 512K, 31% used [0x00000007aca00000,0x00000007aca28000,0x00000007aca80000)
  to   space 512K, 0% used [0x00000007ac980000,0x00000007ac980000,0x00000007aca00000)
 ParOldGen       total 174592K, used 59327K [0x0000000700000000, 0x000000070aa80000, 0x00000007aaa80000)
  object space 174592K, 33% used [0x0000000700000000,0x00000007039efd00,0x000000070aa80000)
 PSPermGen       total 21504K, used 10643K [0x00000006fae00000, 0x00000006fc300000, 0x0000000700000000)
  object space 21504K, 49% used [0x00000006fae00000,0x00000006fb864fd0,0x00000006fc300000)
}
Event: 4334.917 GC heap before
{Heap before GC invocations=649 (full 0):
 PSYoungGen      total 31744K, used 31392K [0x00000007aaa80000, 0x00000007aca80000, 0x0000000800000000)
  eden space 31232K, 100% used [0x00000007aaa80000,0x00000007ac900000,0x00000007ac900000)
  from space 512K, 31% used [0x00000007aca00000,0x00000007aca28000,0x00000007aca80000)
  to   space 512K, 0% used [0x00000007ac980000,0x00000007ac980000,0x00000007aca00000)
 ParOldGen       total 174592K, used 59327K [0x0000000700000000, 0x000000070aa80000, 0x00000007aaa80000)
  object space 174592K, 33% used [0x0000000700000000,0x00000007039efd00,0x000000070aa80000)
 PSPermGen       total 21504K, used 10643K [0x00000006fae00000, 0x00000006fc300000, 0x0000000700000000)
  object space 21504K, 49% used [0x00000006fae00000,0x00000006fb864fd0,0x00000006fc300000)
Event: 4334.917 GC heap after
Heap after GC invocations=649 (full 0):
 PSYoungGen      total 31744K, used 128K [0x00000007aaa80000, 0x00000007aca80000, 0x0000000800000000)
  eden space 31232K, 0% used [0x00000007aaa80000,0x00000007aaa80000,0x00000007ac900000)
  from space 512K, 25% used [0x00000007ac980000,0x00000007ac9a0000,0x00000007aca00000)
  to   space 512K, 0% used [0x00000007aca00000,0x00000007aca00000,0x00000007aca80000)
 ParOldGen       total 174592K, used 59359K [0x0000000700000000, 0x000000070aa80000, 0x00000007aaa80000)
  object space 174592K, 33% used [0x0000000700000000,0x00000007039f7d00,0x000000070aa80000)
 PSPermGen       total 21504K, used 10643K [0x00000006fae00000, 0x00000006fc300000, 0x0000000700000000)
  object space 21504K, 49% used [0x00000006fae00000,0x00000006fb864fd0,0x00000006fc300000)
}
Event: 4346.764 GC heap before
{Heap before GC invocations=650 (full 0):
 PSYoungGen      total 31744K, used 31360K [0x00000007aaa80000, 0x00000007aca80000, 0x0000000800000000)
  eden space 31232K, 100% used [0x00000007aaa80000,0x00000007ac900000,0x00000007ac900000)
  from space 512K, 25% used [0x00000007ac980000,0x00000007ac9a0000,0x00000007aca00000)
  to   space 512K, 0% used [0x00000007aca00000,0x00000007aca00000,0x00000007aca80000)
 ParOldGen       total 174592K, used 59359K [0x0000000700000000, 0x000000070aa80000, 0x00000007aaa80000)
  object space 174592K, 33% used [0x0000000700000000,0x00000007039f7d00,0x000000070aa80000)
 PSPermGen       total 21504K, used 10643K [0x00000006fae00000, 0x00000006fc300000, 0x0000000700000000)
  object space 21504K, 49% used [0x00000006fae00000,0x00000006fb864fd0,0x00000006fc300000)
Event: 4346.766 GC heap after
Heap after GC invocations=650 (full 0):
 PSYoungGen      total 31744K, used 96K [0x00000007aaa80000, 0x00000007aca80000, 0x0000000800000000)
  eden space 31232K, 0% used [0x00000007aaa80000,0x00000007aaa80000,0x00000007ac900000)
  from space 512K, 18% used [0x00000007aca00000,0x00000007aca18000,0x00000007aca80000)
  to   space 512K, 0% used [0x00000007ac980000,0x00000007ac980000,0x00000007aca00000)
 ParOldGen       total 174592K, used 59375K [0x0000000700000000, 0x000000070aa80000, 0x00000007aaa80000)
  object space 174592K, 34% used [0x0000000700000000,0x00000007039fbd00,0x000000070aa80000)
 PSPermGen       total 21504K, used 10643K [0x00000006fae00000, 0x00000006fc300000, 0x0000000700000000)
  object space 21504K, 49% used [0x00000006fae00000,0x00000006fb864fd0,0x00000006fc300000)
}
Event: 4358.610 GC heap before
{Heap before GC invocations=651 (full 0):
 PSYoungGen      total 31744K, used 31328K [0x00000007aaa80000, 0x00000007aca80000, 0x0000000800000000)
  eden space 31232K, 100% used [0x00000007aaa80000,0x00000007ac900000,0x00000007ac900000)
  from space 512K, 18% used [0x00000007aca00000,0x00000007aca18000,0x00000007aca80000)
  to   space 512K, 0% used [0x00000007ac980000,0x00000007ac980000,0x00000007aca00000)
 ParOldGen       total 174592K, used 59375K [0x0000000700000000, 0x000000070aa80000, 0x00000007aaa80000)
  object space 174592K, 34% used [0x0000000700000000,0x00000007039fbd00,0x000000070aa80000)
 PSPermGen       total 21504K, used 10643K [0x00000006fae00000, 0x00000006fc300000, 0x0000000700000000)
  object space 21504K, 49% used [0x00000006fae00000,0x00000006fb864fd0,0x00000006fc300000)
Event: 4358.611 GC heap after
Heap after GC invocations=651 (full 0):
 PSYoungGen      total 31744K, used 128K [0x00000007aaa80000, 0x00000007aca80000, 0x0000000800000000)
  eden space 31232K, 0% used [0x00000007aaa80000,0x00000007aaa80000,0x00000007ac900000)
  from space 512K, 25% used [0x00000007ac980000,0x00000007ac9a0000,0x00000007aca00000)
  to   space 512K, 0% used [0x00000007aca00000,0x00000007aca00000,0x00000007aca80000)
 ParOldGen       total 174592K, used 59407K [0x0000000700000000, 0x000000070aa80000, 0x00000007aaa80000)
  object space 174592K, 34% used [0x0000000700000000,0x0000000703a03d00,0x000000070aa80000)
 PSPermGen       total 21504K, used 10643K [0x00000006fae00000, 0x00000006fc300000, 0x0000000700000000)
  object space 21504K, 49% used [0x00000006fae00000,0x00000006fb864fd0,0x00000006fc300000)
}
Event: 4365.923 GC heap before
{Heap before GC invocations=652 (full 0):
 PSYoungGen      total 31744K, used 31360K [0x00000007aaa80000, 0x00000007aca80000, 0x0000000800000000)
  eden space 31232K, 100% used [0x00000007aaa80000,0x00000007ac900000,0x00000007ac900000)
  from space 512K, 25% used [0x00000007ac980000,0x00000007ac9a0000,0x00000007aca00000)
  to   space 512K, 0% used [0x00000007aca00000,0x00000007aca00000,0x00000007aca80000)
 ParOldGen       total 174592K, used 59407K [0x0000000700000000, 0x000000070aa80000, 0x00000007aaa80000)
  object space 174592K, 34% used [0x0000000700000000,0x0000000703a03d00,0x000000070aa80000)
 PSPermGen       total 21504K, used 10647K [0x00000006fae00000, 0x00000006fc300000, 0x0000000700000000)
  object space 21504K, 49% used [0x00000006fae00000,0x00000006fb865fb8,0x00000006fc300000)
Event: 4365.924 GC heap after
Heap after GC invocations=652 (full 0):
 PSYoungGen      total 31744K, used 128K [0x00000007aaa80000, 0x00000007aca80000, 0x0000000800000000)
  eden space 31232K, 0% used [0x00000007aaa80000,0x00000007aaa80000,0x00000007ac900000)
  from space 512K, 25% used [0x00000007aca00000,0x00000007aca20000,0x00000007aca80000)
  to   space 512K, 0% used [0x00000007ac980000,0x00000007ac980000,0x00000007aca00000)
 ParOldGen       total 174592K, used 59423K [0x0000000700000000, 0x000000070aa80000, 0x00000007aaa80000)
  object space 174592K, 34% used [0x0000000700000000,0x0000000703a07d00,0x000000070aa80000)
 PSPermGen       total 21504K, used 10647K [0x00000006fae00000, 0x00000006fc300000, 0x0000000700000000)
  object space 21504K, 49% used [0x00000006fae00000,0x00000006fb865fb8,0x00000006fc300000)
}

